<?xml version="1.0" encoding="UTF-8"?>
<testsuite name="com.polarbookshop.catalogservice.BookControllerMvcTests" tests="1" skipped="0" failures="0" errors="0" timestamp="2023-10-03T03:08:12" hostname="JsMacBook-Pro.local" time="0.037">
  <properties/>
  <testcase name="whenGetBookNotExistingThenShouldReturn404()" classname="com.polarbookshop.catalogservice.BookControllerMvcTests" time="0.037"/>
  <system-out><![CDATA[11:08:11.691 [Test worker] INFO org.springframework.test.context.support.AnnotationConfigContextLoaderUtils -- Could not detect default configuration classes for test class [com.polarbookshop.catalogservice.BookControllerMvcTests]: BookControllerMvcTests does not declare any static, non-private, non-final, nested classes annotated with @Configuration.
11:08:11.735 [Test worker] INFO org.springframework.boot.test.context.SpringBootTestContextBootstrapper -- Found @SpringBootConfiguration com.polarbookshop.catalogservice.CatalogServiceApplication for test class com.polarbookshop.catalogservice.BookControllerMvcTests

  .   ____          _            __ _ _
 /\\ / ___'_ __ _ _(_)_ __  __ _ \ \ \ \
( ( )\___ | '_ | '_| | '_ \/ _` | \ \ \ \
 \\/  ___)| |_)| | | | | || (_| |  ) ) ) )
  '  |____| .__|_| |_|_| |_\__, | / / / /
 =========|_|==============|___/=/_/_/_/
 :: Spring Boot ::                (v3.1.4)

2023-10-03T11:08:11.877+08:00  INFO 24474 --- [    Test worker] c.p.c.BookControllerMvcTests             : Starting BookControllerMvcTests using Java 17.0.7 with PID 24474 (started by jason in /Users/jason/mylab/cloud-native-spring/catalog-service)
2023-10-03T11:08:11.878+08:00  INFO 24474 --- [    Test worker] c.p.c.BookControllerMvcTests             : No active profile set, falling back to 1 default profile: "default"
2023-10-03T11:08:12.710+08:00  INFO 24474 --- [    Test worker] o.s.b.t.m.w.SpringBootMockServletContext : Initializing Spring TestDispatcherServlet ''
2023-10-03T11:08:12.710+08:00  INFO 24474 --- [    Test worker] o.s.t.web.servlet.TestDispatcherServlet  : Initializing Servlet ''
2023-10-03T11:08:12.713+08:00  INFO 24474 --- [    Test worker] o.s.t.web.servlet.TestDispatcherServlet  : Completed initialization in 2 ms
2023-10-03T11:08:12.756+08:00  INFO 24474 --- [    Test worker] c.p.c.BookControllerMvcTests             : Started BookControllerMvcTests in 0.991 seconds (process running for 1.392)
]]></system-out>
  <system-err><![CDATA[]]></system-err>
</testsuite>
