<?xml version="1.0" encoding="UTF-8"?>
<testsuite name="com.polarbookshop.catalogservice.BookJsonTests" tests="2" skipped="0" failures="0" errors="0" timestamp="2023-10-03T03:08:12" hostname="JsMacBook-Pro.local" time="0.07">
  <properties/>
  <testcase name="testSerialize()" classname="com.polarbookshop.catalogservice.BookJsonTests" time="0.05"/>
  <testcase name="testDeserialize()" classname="com.polarbookshop.catalogservice.BookJsonTests" time="0.018"/>
  <system-out><![CDATA[2023-10-03T11:08:12.802+08:00  INFO 24474 --- [    Test worker] t.c.s.AnnotationConfigContextLoaderUtils : Could not detect default configuration classes for test class [com.polarbookshop.catalogservice.BookJsonTests]: BookJsonTests does not declare any static, non-private, non-final, nested classes annotated with @Configuration.
2023-10-03T11:08:12.805+08:00  INFO 24474 --- [    Test worker] .b.t.c.SpringBootTestContextBootstrapper : Found @SpringBootConfiguration com.polarbookshop.catalogservice.CatalogServiceApplication for test class com.polarbookshop.catalogservice.BookJsonTests

  .   ____          _            __ _ _
 /\\ / ___'_ __ _ _(_)_ __  __ _ \ \ \ \
( ( )\___ | '_ | '_| | '_ \/ _` | \ \ \ \
 \\/  ___)| |_)| | | | | || (_| |  ) ) ) )
  '  |____| .__|_| |_|_| |_\__, | / / / /
 =========|_|==============|___/=/_/_/_/
 :: Spring Boot ::                (v3.1.4)

2023-10-03T11:08:12.818+08:00  INFO 24474 --- [    Test worker] c.p.catalogservice.BookJsonTests         : Starting BookJsonTests using Java 17.0.7 with PID 24474 (started by jason in /Users/jason/mylab/cloud-native-spring/catalog-service)
2023-10-03T11:08:12.818+08:00  INFO 24474 --- [    Test worker] c.p.catalogservice.BookJsonTests         : No active profile set, falling back to 1 default profile: "default"
2023-10-03T11:08:12.857+08:00  INFO 24474 --- [    Test worker] c.p.catalogservice.BookJsonTests         : Started BookJsonTests in 0.05 seconds (process running for 1.493)
]]></system-out>
  <system-err><![CDATA[]]></system-err>
</testsuite>
