<?xml version="1.0" encoding="UTF-8"?>
<testsuite name="com.polarbookshop.catalogservice.BookControllerMvcTests" tests="1" skipped="0" failures="0" errors="0" timestamp="2023-10-03T08:52:50" hostname="JsMacBook-Pro.local" time="0.036">
  <properties/>
  <testcase name="whenGetBookNotExistingThenShouldReturn404()" classname="com.polarbookshop.catalogservice.BookControllerMvcTests" time="0.036"/>
  <system-out><![CDATA[16:52:49.272 [Test worker] INFO org.springframework.test.context.support.AnnotationConfigContextLoaderUtils -- Could not detect default configuration classes for test class [com.polarbookshop.catalogservice.BookControllerMvcTests]: BookControllerMvcTests does not declare any static, non-private, non-final, nested classes annotated with @Configuration.
16:52:49.316 [Test worker] INFO org.springframework.boot.test.context.SpringBootTestContextBootstrapper -- Found @SpringBootConfiguration com.polarbookshop.catalogservice.CatalogServiceApplication for test class com.polarbookshop.catalogservice.BookControllerMvcTests

  .   ____          _            __ _ _
 /\\ / ___'_ __ _ _(_)_ __  __ _ \ \ \ \
( ( )\___ | '_ | '_| | '_ \/ _` | \ \ \ \
 \\/  ___)| |_)| | | | | || (_| |  ) ) ) )
  '  |____| .__|_| |_|_| |_\__, | / / / /
 =========|_|==============|___/=/_/_/_/
 :: Spring Boot ::                (v3.1.4)

2023-10-03T16:52:49.458+08:00  INFO 34979 --- [    Test worker] c.p.c.BookControllerMvcTests             : Starting BookControllerMvcTests using Java 17.0.7 with PID 34979 (started by jason in /Users/jason/mylab/cloud-native-spring/catalog-service)
2023-10-03T16:52:49.458+08:00  INFO 34979 --- [    Test worker] c.p.c.BookControllerMvcTests             : No active profile set, falling back to 1 default profile: "default"
2023-10-03T16:52:50.284+08:00  INFO 34979 --- [    Test worker] o.s.b.t.m.w.SpringBootMockServletContext : Initializing Spring TestDispatcherServlet ''
2023-10-03T16:52:50.285+08:00  INFO 34979 --- [    Test worker] o.s.t.web.servlet.TestDispatcherServlet  : Initializing Servlet ''
2023-10-03T16:52:50.287+08:00  INFO 34979 --- [    Test worker] o.s.t.web.servlet.TestDispatcherServlet  : Completed initialization in 1 ms
2023-10-03T16:52:50.330+08:00  INFO 34979 --- [    Test worker] c.p.c.BookControllerMvcTests             : Started BookControllerMvcTests in 0.987 seconds (process running for 1.396)
]]></system-out>
  <system-err><![CDATA[]]></system-err>
</testsuite>
